<?xml version="1.0" encoding="UTF-8"?>
<!-- Generated by org.testng.reporters.JUnitReportReporter -->
<testsuite hostname="Ash1212" failures="0" tests="2" name="com.TestNGDemo.D09POMClient" time="14.768" errors="0" timestamp="2023-10-15T21:39:39 IST" skipped="0">
  <testcase classname="com.TestNGDemo.D09POMClient" name="login2" time="5.599"/>
  <testcase classname="com.TestNGDemo.D09POMClient" name="login1" time="9.169"/>
</testsuite> <!-- com.TestNGDemo.D09POMClient -->
