<?xml version="1.0" encoding="UTF-8"?>
<!-- Generated by org.testng.reporters.JUnitReportReporter -->
<testsuite hostname="Ash1212" failures="0" tests="1" name="com.TestNGDemo.D01FirstTest" time="15.932" errors="0" timestamp="2023-08-12T23:54:00 IST" skipped="0">
  <testcase classname="com.TestNGDemo.D01FirstTest" name="openMyntra" time="15.932"/>
</testsuite> <!-- com.TestNGDemo.D01FirstTest -->
