<?xml version="1.0" encoding="UTF-8"?>
<!-- Generated by org.testng.reporters.JUnitReportReporter -->
<testsuite hostname="Ash1212" failures="0" tests="4" name="com.TestNGDemo.D05AssignmentGoogle" time="17.069" errors="0" timestamp="2023-08-13T02:25:31 IST" skipped="0">
  <testcase classname="com.TestNGDemo.D05AssignmentGoogle" name="ClickOnGmail" time="4.317"/>
  <testcase classname="com.TestNGDemo.D05AssignmentGoogle" name="ClickOnImages" time="3.945"/>
  <testcase classname="com.TestNGDemo.D05AssignmentGoogle" name="ClickOnAbout" time="4.740"/>
  <testcase classname="com.TestNGDemo.D05AssignmentGoogle" name="ClickOnAdvt" time="4.067"/>
</testsuite> <!-- com.TestNGDemo.D05AssignmentGoogle -->
