<?xml version="1.0" encoding="UTF-8"?>
<!-- Generated by org.testng.reporters.JUnitReportReporter -->
<testsuite hostname="Ash1212" failures="0" tests="4" name="com.TestNGDemo.D04Before_After_Method" time="26.533" errors="0" timestamp="2023-08-13T01:01:03 IST" skipped="0">
  <testcase classname="com.TestNGDemo.D04Before_After_Method" name="openMyntra" time="6.399"/>
  <testcase classname="com.TestNGDemo.D04Before_After_Method" name="openAmazon" time="9.251"/>
  <testcase classname="com.TestNGDemo.D04Before_After_Method" name="openIstqb" time="7.241"/>
  <testcase classname="com.TestNGDemo.D04Before_After_Method" name="openGoogle" time="3.642"/>
</testsuite> <!-- com.TestNGDemo.D04Before_After_Method -->
